11-06 17:29:43 com_github_MitjaNemec_PlaceFootprints.action_place_footprints 674:Plugin executed on: 'win32'
11-06 17:29:43 com_github_MitjaNemec_PlaceFootprints.action_place_footprints 675:Plugin executed with python version: '3.11.5 (main, Sep 17 2025, 01:04:48) [MSC v.1944 64 bit (AMD64)]'
11-06 17:29:43 com_github_MitjaNemec_PlaceFootprints.action_place_footprints 676:KiCad build version: 9.0.5
11-06 17:29:43 com_github_MitjaNemec_PlaceFootprints.action_place_footprints 677:Plugin version: 4.0.1
11-06 17:29:43 com_github_MitjaNemec_PlaceFootprints.action_place_footprints 678:Frame repr: <wx._core.Frame object at 0x000001AD293B7BE0>
11-06 17:29:43 com_github_MitjaNemec_PlaceFootprints.place_footprints 121:getting a list of all footprints on board
11-06 17:29:43 com_github_MitjaNemec_PlaceFootprints.place_footprints 156:Footprint C1 on root level
11-06 17:29:43 com_github_MitjaNemec_PlaceFootprints.place_footprints 156:Footprint J3 on root level
11-06 17:29:43 com_github_MitjaNemec_PlaceFootprints.place_footprints 156:Footprint C7 on root level
11-06 17:29:43 com_github_MitjaNemec_PlaceFootprints.place_footprints 156:Footprint SW5 on root level
11-06 17:29:43 com_github_MitjaNemec_PlaceFootprints.place_footprints 156:Footprint J9 on root level
11-06 17:29:43 com_github_MitjaNemec_PlaceFootprints.place_footprints 156:Footprint H1 on root level
11-06 17:29:43 com_github_MitjaNemec_PlaceFootprints.place_footprints 156:Footprint H3 on root level
11-06 17:29:43 com_github_MitjaNemec_PlaceFootprints.place_footprints 156:Footprint H2 on root level
11-06 17:29:43 com_github_MitjaNemec_PlaceFootprints.place_footprints 156:Footprint H4 on root level
11-06 17:29:43 com_github_MitjaNemec_PlaceFootprints.place_footprints 156:Footprint U6 on root level
11-06 17:29:43 com_github_MitjaNemec_PlaceFootprints.place_footprints 156:Footprint U5 on root level
11-06 17:29:43 com_github_MitjaNemec_PlaceFootprints.place_footprints 156:Footprint U2 on root level
11-06 17:29:43 com_github_MitjaNemec_PlaceFootprints.place_footprints 156:Footprint U1 on root level
11-06 17:29:43 com_github_MitjaNemec_PlaceFootprints.place_footprints 156:Footprint U4 on root level
11-06 17:29:43 com_github_MitjaNemec_PlaceFootprints.place_footprints 156:Footprint D2 on root level
11-06 17:29:43 com_github_MitjaNemec_PlaceFootprints.place_footprints 156:Footprint R5 on root level
11-06 17:29:43 com_github_MitjaNemec_PlaceFootprints.place_footprints 156:Footprint C4 on root level
11-06 17:29:43 com_github_MitjaNemec_PlaceFootprints.place_footprints 156:Footprint C6 on root level
11-06 17:29:43 com_github_MitjaNemec_PlaceFootprints.place_footprints 156:Footprint C5 on root level
11-06 17:29:43 com_github_MitjaNemec_PlaceFootprints.place_footprints 156:Footprint SW7 on root level
11-06 17:29:43 com_github_MitjaNemec_PlaceFootprints.place_footprints 156:Footprint SW6 on root level
11-06 17:29:43 com_github_MitjaNemec_PlaceFootprints.place_footprints 156:Footprint J10 on root level
11-06 17:29:43 com_github_MitjaNemec_PlaceFootprints.place_footprints 156:Footprint J11 on root level
11-06 17:29:43 com_github_MitjaNemec_PlaceFootprints.place_footprints 156:Footprint R2 on root level
11-06 17:29:43 com_github_MitjaNemec_PlaceFootprints.place_footprints 156:Footprint U10 on root level
11-06 17:29:43 com_github_MitjaNemec_PlaceFootprints.place_footprints 156:Footprint D4 on root level
11-06 17:29:43 com_github_MitjaNemec_PlaceFootprints.place_footprints 156:Footprint R3 on root level
11-06 17:29:43 com_github_MitjaNemec_PlaceFootprints.place_footprints 156:Footprint U3 on root level
11-06 17:29:43 com_github_MitjaNemec_PlaceFootprints.place_footprints 156:Footprint C2 on root level
11-06 17:29:43 com_github_MitjaNemec_PlaceFootprints.place_footprints 156:Footprint R4 on root level
11-06 17:29:43 com_github_MitjaNemec_PlaceFootprints.place_footprints 156:Footprint R1 on root level
11-06 17:29:43 com_github_MitjaNemec_PlaceFootprints.place_footprints 156:Footprint D1 on root level
11-06 17:29:43 com_github_MitjaNemec_PlaceFootprints.place_footprints 156:Footprint C3 on root level
11-06 17:29:43 com_github_MitjaNemec_PlaceFootprints.place_footprints 156:Footprint D3 on root level
11-06 17:29:43 com_github_MitjaNemec_PlaceFootprints.place_footprints 156:Footprint J4 on root level
11-06 17:29:43 com_github_MitjaNemec_PlaceFootprints.place_footprints 156:Footprint J1 on root level
11-06 17:29:43 com_github_MitjaNemec_PlaceFootprints.place_footprints 156:Footprint SW3 on root level
11-06 17:29:43 com_github_MitjaNemec_PlaceFootprints.place_footprints 156:Footprint SW4 on root level
11-06 17:29:43 com_github_MitjaNemec_PlaceFootprints.place_footprints 156:Footprint J8 on root level
11-06 17:29:43 com_github_MitjaNemec_PlaceFootprints.place_footprints 156:Footprint J2 on root level
11-06 17:29:43 com_github_MitjaNemec_PlaceFootprints.place_footprints 156:Footprint SW2 on root level
11-06 17:29:43 com_github_MitjaNemec_PlaceFootprints.place_footprints 156:Footprint J6 on root level
11-06 17:29:43 com_github_MitjaNemec_PlaceFootprints.place_footprints 156:Footprint J7 on root level
11-06 17:29:43 com_github_MitjaNemec_PlaceFootprints.action_place_footprints 717:Reference footprint='C1'
11-06 17:29:45 com_github_MitjaNemec_PlaceFootprints.action_place_footprints 858:Reference designator is: C
11-06 17:29:45 com_github_MitjaNemec_PlaceFootprints.action_place_footprints 859:Reference number is: 1
11-06 17:29:45 com_github_MitjaNemec_PlaceFootprints.action_place_footprints 891:Sorted and filtered list:
['C1', 'C2', 'C3', 'C4', 'C5', 'C6', 'C7']
11-06 17:29:45 com_github_MitjaNemec_PlaceFootprints.action_place_footprints 376:wx.Colour(240, 240, 240, 255)
11-06 17:29:58 com_github_MitjaNemec_PlaceFootprints.action_place_footprints 507:'26.5'
11-06 17:29:58 com_github_MitjaNemec_PlaceFootprints.action_place_footprints 553:Preparing config for reference linear
11-06 17:29:58 com_github_MitjaNemec_PlaceFootprints.action_place_footprints 573:Saving config file
11-06 17:29:58 com_github_MitjaNemec_PlaceFootprints.action_place_footprints 575:Saved the config file
11-06 17:29:58 com_github_MitjaNemec_PlaceFootprints.action_place_footprints 929:Footprints to place:
['C1', 'C2', 'C3']
11-06 17:29:58 com_github_MitjaNemec_PlaceFootprints.place_footprints 396:Starting placing with linear layout
11-06 17:29:58 com_github_MitjaNemec_PlaceFootprints.action_place_footprints 970:Placing complete
