11-07 15:40:44 com_github_MitjaNemec_PlaceFootprints.action_place_footprints 674:Plugin executed on: 'win32'
11-07 15:40:44 com_github_MitjaNemec_PlaceFootprints.action_place_footprints 675:Plugin executed with python version: '3.11.5 (main, Jan 27 2025, 07:08:36) [MSC v.1942 64 bit (AMD64)]'
11-07 15:40:44 com_github_MitjaNemec_PlaceFootprints.action_place_footprints 676:KiCad build version: 9.0.0
11-07 15:40:44 com_github_MitjaNemec_PlaceFootprints.action_place_footprints 677:Plugin version: 4.0.1
11-07 15:40:44 com_github_MitjaNemec_PlaceFootprints.action_place_footprints 678:Frame repr: <wx._core.Frame object at 0x00000201F83D51B0>
11-07 15:40:44 com_github_MitjaNemec_PlaceFootprints.place_footprints 121:getting a list of all footprints on board
11-07 15:40:44 com_github_MitjaNemec_PlaceFootprints.place_footprints 156:Footprint JP12 on root level
11-07 15:40:44 com_github_MitjaNemec_PlaceFootprints.place_footprints 156:Footprint JP11 on root level
11-07 15:40:44 com_github_MitjaNemec_PlaceFootprints.place_footprints 156:Footprint JP52 on root level
11-07 15:40:44 com_github_MitjaNemec_PlaceFootprints.place_footprints 156:Footprint JP51 on root level
11-07 15:40:44 com_github_MitjaNemec_PlaceFootprints.place_footprints 156:Footprint JP62 on root level
11-07 15:40:44 com_github_MitjaNemec_PlaceFootprints.place_footprints 156:Footprint JP61 on root level
11-07 15:40:44 com_github_MitjaNemec_PlaceFootprints.place_footprints 156:Footprint JP42 on root level
11-07 15:40:44 com_github_MitjaNemec_PlaceFootprints.place_footprints 156:Footprint JP41 on root level
11-07 15:40:44 com_github_MitjaNemec_PlaceFootprints.place_footprints 156:Footprint JP32 on root level
11-07 15:40:44 com_github_MitjaNemec_PlaceFootprints.place_footprints 156:Footprint JP31 on root level
11-07 15:40:44 com_github_MitjaNemec_PlaceFootprints.place_footprints 156:Footprint JP22 on root level
11-07 15:40:44 com_github_MitjaNemec_PlaceFootprints.place_footprints 156:Footprint JP21 on root level
11-07 15:40:44 com_github_MitjaNemec_PlaceFootprints.place_footprints 156:Footprint J5 on root level
11-07 15:40:44 com_github_MitjaNemec_PlaceFootprints.place_footprints 156:Footprint C3 on root level
11-07 15:40:44 com_github_MitjaNemec_PlaceFootprints.place_footprints 156:Footprint C2 on root level
11-07 15:40:44 com_github_MitjaNemec_PlaceFootprints.place_footprints 156:Footprint J6 on root level
11-07 15:40:44 com_github_MitjaNemec_PlaceFootprints.place_footprints 156:Footprint J7 on root level
11-07 15:40:44 com_github_MitjaNemec_PlaceFootprints.place_footprints 156:Footprint J8 on root level
11-07 15:40:44 com_github_MitjaNemec_PlaceFootprints.place_footprints 156:Footprint C1 on root level
11-07 15:40:44 com_github_MitjaNemec_PlaceFootprints.place_footprints 156:Footprint U3 on root level
11-07 15:40:44 com_github_MitjaNemec_PlaceFootprints.place_footprints 156:Footprint U1 on root level
11-07 15:40:44 com_github_MitjaNemec_PlaceFootprints.place_footprints 156:Footprint U2 on root level
11-07 15:40:44 com_github_MitjaNemec_PlaceFootprints.place_footprints 156:Footprint U6 on root level
11-07 15:40:44 com_github_MitjaNemec_PlaceFootprints.place_footprints 156:Footprint C5 on root level
11-07 15:40:44 com_github_MitjaNemec_PlaceFootprints.place_footprints 156:Footprint C4 on root level
11-07 15:40:44 com_github_MitjaNemec_PlaceFootprints.place_footprints 156:Footprint C6 on root level
11-07 15:40:44 com_github_MitjaNemec_PlaceFootprints.place_footprints 156:Footprint J10 on root level
11-07 15:40:44 com_github_MitjaNemec_PlaceFootprints.place_footprints 156:Footprint J9 on root level
11-07 15:40:44 com_github_MitjaNemec_PlaceFootprints.place_footprints 156:Footprint J11 on root level
11-07 15:40:44 com_github_MitjaNemec_PlaceFootprints.place_footprints 156:Footprint U4 on root level
11-07 15:40:44 com_github_MitjaNemec_PlaceFootprints.place_footprints 156:Footprint U5 on root level
11-07 15:40:44 com_github_MitjaNemec_PlaceFootprints.place_footprints 156:Footprint U10 on root level
11-07 15:40:44 com_github_MitjaNemec_PlaceFootprints.place_footprints 156:Footprint R5 on root level
11-07 15:40:44 com_github_MitjaNemec_PlaceFootprints.place_footprints 156:Footprint R4 on root level
11-07 15:40:44 com_github_MitjaNemec_PlaceFootprints.place_footprints 156:Footprint R3 on root level
11-07 15:40:44 com_github_MitjaNemec_PlaceFootprints.place_footprints 156:Footprint R2 on root level
11-07 15:40:44 com_github_MitjaNemec_PlaceFootprints.place_footprints 156:Footprint R1 on root level
11-07 15:40:44 com_github_MitjaNemec_PlaceFootprints.place_footprints 156:Footprint J4 on root level
11-07 15:40:44 com_github_MitjaNemec_PlaceFootprints.place_footprints 156:Footprint J3 on root level
11-07 15:40:44 com_github_MitjaNemec_PlaceFootprints.place_footprints 156:Footprint J2 on root level
11-07 15:40:44 com_github_MitjaNemec_PlaceFootprints.place_footprints 156:Footprint J1 on root level
11-07 15:40:44 com_github_MitjaNemec_PlaceFootprints.place_footprints 156:Footprint H4 on root level
11-07 15:40:44 com_github_MitjaNemec_PlaceFootprints.place_footprints 156:Footprint H3 on root level
11-07 15:40:44 com_github_MitjaNemec_PlaceFootprints.place_footprints 156:Footprint H2 on root level
11-07 15:40:44 com_github_MitjaNemec_PlaceFootprints.place_footprints 156:Footprint H1 on root level
11-07 15:40:44 com_github_MitjaNemec_PlaceFootprints.place_footprints 156:Footprint D4 on root level
11-07 15:40:44 com_github_MitjaNemec_PlaceFootprints.place_footprints 156:Footprint D3 on root level
11-07 15:40:44 com_github_MitjaNemec_PlaceFootprints.place_footprints 156:Footprint D2 on root level
11-07 15:40:44 com_github_MitjaNemec_PlaceFootprints.place_footprints 156:Footprint D1 on root level
11-07 15:40:44 com_github_MitjaNemec_PlaceFootprints.place_footprints 156:Footprint C7 on root level
11-07 15:40:45 com_github_MitjaNemec_PlaceFootprints.action_place_footprints 717:Reference footprint='JP21'
11-07 15:40:46 com_github_MitjaNemec_PlaceFootprints.action_place_footprints 858:Reference designator is: JP
11-07 15:40:46 com_github_MitjaNemec_PlaceFootprints.action_place_footprints 859:Reference number is: 21
11-07 15:40:46 com_github_MitjaNemec_PlaceFootprints.action_place_footprints 891:Sorted and filtered list:
['JP21', 'JP22']
11-07 15:40:46 com_github_MitjaNemec_PlaceFootprints.action_place_footprints 376:wx.Colour(240, 240, 240, 255)
11-07 15:40:47 com_github_MitjaNemec_PlaceFootprints.action_place_footprints 507:'22'
11-07 15:40:47 com_github_MitjaNemec_PlaceFootprints.action_place_footprints 553:Preparing config for reference linear
11-07 15:40:47 com_github_MitjaNemec_PlaceFootprints.action_place_footprints 573:Saving config file
11-07 15:40:47 com_github_MitjaNemec_PlaceFootprints.action_place_footprints 575:Saved the config file
11-07 15:40:47 com_github_MitjaNemec_PlaceFootprints.action_place_footprints 929:Footprints to place:
['JP21', 'JP22']
11-07 15:40:47 com_github_MitjaNemec_PlaceFootprints.place_footprints 396:Starting placing with linear layout
11-07 15:40:47 com_github_MitjaNemec_PlaceFootprints.action_place_footprints 970:Placing complete
